<?xml version="1.0" encoding="UTF-8"?>
<testsuite name="sample.servlet.SampleServletApplicationTests" tests="2" skipped="0" failures="0" errors="0" timestamp="2015-12-08T22:23:48" hostname="MacBook-Pro.local" time="0.268">
  <properties/>
  <testcase name="testHome" classname="sample.servlet.SampleServletApplicationTests" time="0.249"/>
  <testcase name="testHomeIsSecure" classname="sample.servlet.SampleServletApplicationTests" time="0.017"/>
  <system-out><![CDATA[14:23:33.578 [Test worker] DEBUG o.s.t.c.j.SpringJUnit4ClassRunner - SpringJUnit4ClassRunner constructor called with [class sample.servlet.SampleServletApplicationTests]
14:23:33.584 [Test worker] DEBUG o.s.test.context.BootstrapUtils - Instantiating CacheAwareContextLoaderDelegate from class [org.springframework.test.context.cache.DefaultCacheAwareContextLoaderDelegate]
14:23:33.591 [Test worker] DEBUG o.s.test.context.BootstrapUtils - Instantiating BootstrapContext using constructor [public org.springframework.test.context.support.DefaultBootstrapContext(java.lang.Class,org.springframework.test.context.CacheAwareContextLoaderDelegate)]
14:23:33.607 [Test worker] DEBUG o.s.test.context.BootstrapUtils - Instantiating TestContextBootstrapper for test class [sample.servlet.SampleServletApplicationTests] from class [org.springframework.boot.test.WebAppIntegrationTestContextBootstrapper]
14:23:33.640 [Test worker] DEBUG o.s.b.t.WebAppIntegrationTestContextBootstrapper - Found explicit ContextLoader class [org.springframework.boot.test.SpringApplicationContextLoader] for context configuration attributes [ContextConfigurationAttributes@4fbac510 declaringClass = 'sample.servlet.SampleServletApplicationTests', classes = '{class sample.servlet.SampleServletApplication}', locations = '{}', inheritLocations = true, initializers = '{}', inheritInitializers = true, name = [null], contextLoaderClass = 'org.springframework.boot.test.SpringApplicationContextLoader']
14:23:33.655 [Test worker] DEBUG o.s.t.c.s.AbstractContextLoader - Did not detect default resource location for test class [sample.servlet.SampleServletApplicationTests]: class path resource [sample/servlet/SampleServletApplicationTests-context.xml] does not exist
14:23:33.655 [Test worker] DEBUG o.s.t.c.s.AbstractContextLoader - Did not detect default resource location for test class [sample.servlet.SampleServletApplicationTests]: class path resource [sample/servlet/SampleServletApplicationTestsContext.groovy] does not exist
14:23:33.656 [Test worker] INFO  o.s.t.c.s.AbstractContextLoader - Could not detect default resource locations for test class [sample.servlet.SampleServletApplicationTests]: no resource found for suffixes {-context.xml, Context.groovy}.
14:23:33.659 [Test worker] DEBUG o.s.t.c.support.ActiveProfilesUtils - Could not find an 'annotation declaring class' for annotation type [org.springframework.test.context.ActiveProfiles] and class [sample.servlet.SampleServletApplicationTests]
14:23:33.666 [Test worker] DEBUG o.s.test.util.ReflectionTestUtils - Setting field 'propertySourceProperties' of type [null] on target object [[WebMergedContextConfiguration@32cbb910 testClass = SampleServletApplicationTests, locations = '{}', classes = '{class sample.servlet.SampleServletApplication}', contextInitializerClasses = '[]', activeProfiles = '{}', propertySourceLocations = '{}', propertySourceProperties = '{}', resourceBasePath = '', contextLoader = 'org.springframework.boot.test.SpringApplicationContextLoader', parent = [null]]] or target class [class org.springframework.test.context.web.WebMergedContextConfiguration] to value [[Ljava.lang.String;@d85c145]
14:23:33.668 [Test worker] DEBUG o.s.b.t.WebAppIntegrationTestContextBootstrapper - @TestExecutionListeners is not present for class [sample.servlet.SampleServletApplicationTests]: using defaults.
14:23:33.681 [Test worker] INFO  o.s.b.t.WebAppIntegrationTestContextBootstrapper - Loaded default TestExecutionListener class names from location [META-INF/spring.factories]: [org.springframework.test.context.web.ServletTestExecutionListener, org.springframework.test.context.support.DirtiesContextBeforeModesTestExecutionListener, org.springframework.test.context.support.DependencyInjectionTestExecutionListener, org.springframework.test.context.support.DirtiesContextTestExecutionListener, org.springframework.test.context.transaction.TransactionalTestExecutionListener, org.springframework.test.context.jdbc.SqlScriptsTestExecutionListener]
14:23:33.688 [Test worker] INFO  o.s.b.t.WebAppIntegrationTestContextBootstrapper - Could not instantiate TestExecutionListener [org.springframework.test.context.transaction.TransactionalTestExecutionListener]. Specify custom listener classes or make the default listener classes (and their required dependencies) available. Offending class: [org/springframework/transaction/interceptor/TransactionAttributeSource]
14:23:33.693 [Test worker] INFO  o.s.b.t.WebAppIntegrationTestContextBootstrapper - Could not instantiate TestExecutionListener [org.springframework.test.context.jdbc.SqlScriptsTestExecutionListener]. Specify custom listener classes or make the default listener classes (and their required dependencies) available. Offending class: [org/springframework/transaction/interceptor/TransactionAttribute]
14:23:33.696 [Test worker] INFO  o.s.b.t.WebAppIntegrationTestContextBootstrapper - Using TestExecutionListeners: [org.springframework.test.context.web.ServletTestExecutionListener@62662a60, org.springframework.test.context.support.DirtiesContextBeforeModesTestExecutionListener@71cb276f, org.springframework.test.context.support.DependencyInjectionTestExecutionListener@34b8816a, org.springframework.test.context.support.DirtiesContextTestExecutionListener@4c1134cb]
14:23:33.699 [Test worker] DEBUG o.s.t.annotation.ProfileValueUtils - Retrieved @ProfileValueSourceConfiguration [null] for test class [sample.servlet.SampleServletApplicationTests]
14:23:33.700 [Test worker] DEBUG o.s.t.annotation.ProfileValueUtils - Retrieved ProfileValueSource type [class org.springframework.test.annotation.SystemProfileValueSource] for class [sample.servlet.SampleServletApplicationTests]
14:23:33.705 [Test worker] DEBUG o.s.t.annotation.ProfileValueUtils - Retrieved @ProfileValueSourceConfiguration [null] for test class [sample.servlet.SampleServletApplicationTests]
14:23:33.705 [Test worker] DEBUG o.s.t.annotation.ProfileValueUtils - Retrieved ProfileValueSource type [class org.springframework.test.annotation.SystemProfileValueSource] for class [sample.servlet.SampleServletApplicationTests]
14:23:33.707 [Test worker] DEBUG o.s.t.annotation.ProfileValueUtils - Retrieved @ProfileValueSourceConfiguration [null] for test class [sample.servlet.SampleServletApplicationTests]
14:23:33.707 [Test worker] DEBUG o.s.t.annotation.ProfileValueUtils - Retrieved ProfileValueSource type [class org.springframework.test.annotation.SystemProfileValueSource] for class [sample.servlet.SampleServletApplicationTests]
14:23:33.710 [Test worker] DEBUG o.s.t.c.s.AbstractDirtiesContextTestExecutionListener - Before test class: context [DefaultTestContext@13da8a6 testClass = SampleServletApplicationTests, testInstance = [null], testMethod = [null], testException = [null], mergedContextConfiguration = [WebMergedContextConfiguration@32cbb910 testClass = SampleServletApplicationTests, locations = '{}', classes = '{class sample.servlet.SampleServletApplication}', contextInitializerClasses = '[]', activeProfiles = '{}', propertySourceLocations = '{}', propertySourceProperties = '{server.port:0, org.springframework.boot.test.IntegrationTest=true}', resourceBasePath = '', contextLoader = 'org.springframework.boot.test.SpringApplicationContextLoader', parent = [null]]], class annotated with @DirtiesContext [true] with mode [AFTER_CLASS].
14:23:33.711 [Test worker] DEBUG o.s.t.annotation.ProfileValueUtils - Retrieved @ProfileValueSourceConfiguration [null] for test class [sample.servlet.SampleServletApplicationTests]
14:23:33.712 [Test worker] DEBUG o.s.t.annotation.ProfileValueUtils - Retrieved ProfileValueSource type [class org.springframework.test.annotation.SystemProfileValueSource] for class [sample.servlet.SampleServletApplicationTests]
14:23:33.715 [Test worker] DEBUG o.s.t.c.s.DependencyInjectionTestExecutionListener - Performing dependency injection for test context [[DefaultTestContext@13da8a6 testClass = SampleServletApplicationTests, testInstance = sample.servlet.SampleServletApplicationTests@150ffb1a, testMethod = [null], testException = [null], mergedContextConfiguration = [WebMergedContextConfiguration@32cbb910 testClass = SampleServletApplicationTests, locations = '{}', classes = '{class sample.servlet.SampleServletApplication}', contextInitializerClasses = '[]', activeProfiles = '{}', propertySourceLocations = '{}', propertySourceProperties = '{server.port:0, org.springframework.boot.test.IntegrationTest=true}', resourceBasePath = '', contextLoader = 'org.springframework.boot.test.SpringApplicationContextLoader', parent = [null]]]].
14:23:33.799 [Test worker] DEBUG o.s.core.env.StandardEnvironment - Adding [systemProperties] PropertySource with lowest search precedence
14:23:33.801 [Test worker] DEBUG o.s.core.env.StandardEnvironment - Adding [systemEnvironment] PropertySource with lowest search precedence
14:23:33.801 [Test worker] DEBUG o.s.core.env.StandardEnvironment - Initialized StandardEnvironment with PropertySources [systemProperties,systemEnvironment]
14:23:33.803 [Test worker] DEBUG o.s.core.env.StandardEnvironment - Adding [integrationTest] PropertySource with search precedence immediately lower than [systemEnvironment]

  .   ____          _            __ _ _
 /\\ / ___'_ __ _ _(_)_ __  __ _ \ \ \ \
( ( )\___ | '_ | '_| | '_ \/ _` | \ \ \ \
 \\/  ___)| |_)| | | | | || (_| |  ) ) ) )
  '  |____| .__|_| |_|_| |_\__, | / / / /
 =========|_|==============|___/=/_/_/_/
 :: Spring Boot ::        (v1.3.0.RELEASE)

2015-12-08 14:23:45.589  INFO 5910 --- [    Test worker] s.servlet.SampleServletApplicationTests  : Starting SampleServletApplicationTests on MacBook-Pro.local with PID 5910 (/Users/rxa2383/GIT/ON-DECK/SPRING/spring-boot/spring-boot-samples/spring-boot-sample-servlet/build/classes/test started by rxa2383 in /Users/rxa2383/GIT/ON-DECK/SPRING/spring-boot/spring-boot-samples/spring-boot-sample-servlet)
2015-12-08 14:23:45.589  INFO 5910 --- [    Test worker] s.servlet.SampleServletApplicationTests  : No profiles are active
2015-12-08 14:23:45.693  INFO 5910 --- [    Test worker] ationConfigEmbeddedWebApplicationContext : Refreshing org.springframework.boot.context.embedded.AnnotationConfigEmbeddedWebApplicationContext@b0ef7c: startup date [Tue Dec 08 14:23:45 PST 2015]; root of context hierarchy
2015-12-08 14:23:47.225  INFO 5910 --- [    Test worker] s.b.c.e.t.TomcatEmbeddedServletContainer : Tomcat initialized with port(s): 0 (http)
2015-12-08 14:23:47.246  INFO 5910 --- [    Test worker] o.apache.catalina.core.StandardService   : Starting service Tomcat
2015-12-08 14:23:47.247  INFO 5910 --- [    Test worker] org.apache.catalina.core.StandardEngine  : Starting Servlet Engine: Apache Tomcat/8.0.28
2015-12-08 14:23:47.367  INFO 5910 --- [ost-startStop-1] o.a.c.c.C.[Tomcat].[localhost].[/]       : Initializing Spring embedded WebApplicationContext
2015-12-08 14:23:47.367  INFO 5910 --- [ost-startStop-1] o.s.web.context.ContextLoader            : Root WebApplicationContext: initialization completed in 1679 ms
2015-12-08 14:23:47.496  INFO 5910 --- [ost-startStop-1] o.s.b.c.embedded.FilterRegistrationBean  : Mapping filter: 'characterEncodingFilter' to: [/*]
2015-12-08 14:23:47.499  INFO 5910 --- [ost-startStop-1] .e.DelegatingFilterProxyRegistrationBean : Mapping filter: 'springSecurityFilterChain' to: [/*]
2015-12-08 14:23:47.499  INFO 5910 --- [ost-startStop-1] o.s.b.c.e.ServletRegistrationBean        : Mapping servlet: 'dispatcherServlet' to [/]
2015-12-08 14:23:47.733  INFO 5910 --- [ost-startStop-1] b.a.s.AuthenticationManagerConfiguration : 

Using default security password: 72c76bbf-b460-41f8-95ed-5c838a2f94cc

2015-12-08 14:23:47.800  INFO 5910 --- [ost-startStop-1] o.s.s.web.DefaultSecurityFilterChain     : Creating filter chain: Ant [pattern='/css/**'], []
2015-12-08 14:23:47.800  INFO 5910 --- [ost-startStop-1] o.s.s.web.DefaultSecurityFilterChain     : Creating filter chain: Ant [pattern='/js/**'], []
2015-12-08 14:23:47.800  INFO 5910 --- [ost-startStop-1] o.s.s.web.DefaultSecurityFilterChain     : Creating filter chain: Ant [pattern='/images/**'], []
2015-12-08 14:23:47.801  INFO 5910 --- [ost-startStop-1] o.s.s.web.DefaultSecurityFilterChain     : Creating filter chain: Ant [pattern='/**/favicon.ico'], []
2015-12-08 14:23:47.893  INFO 5910 --- [ost-startStop-1] o.s.s.web.DefaultSecurityFilterChain     : Creating filter chain: OrRequestMatcher [requestMatchers=[Ant [pattern='/**']]], [org.springframework.security.web.context.request.async.WebAsyncManagerIntegrationFilter@1b334c0b, org.springframework.security.web.context.SecurityContextPersistenceFilter@35b611a5, org.springframework.security.web.header.HeaderWriterFilter@7f601629, org.springframework.security.web.authentication.logout.LogoutFilter@c7dc424, org.springframework.security.web.authentication.www.BasicAuthenticationFilter@2a72b5ac, org.springframework.security.web.savedrequest.RequestCacheAwareFilter@f524cc7, org.springframework.security.web.servletapi.SecurityContextHolderAwareRequestFilter@1f7dffe3, org.springframework.security.web.authentication.AnonymousAuthenticationFilter@39975eab, org.springframework.security.web.session.SessionManagementFilter@6380e002, org.springframework.security.web.access.ExceptionTranslationFilter@4e14e93b, org.springframework.security.web.access.intercept.FilterSecurityInterceptor@32f046c5]
2015-12-08 14:23:48.096  INFO 5910 --- [    Test worker] s.b.c.e.t.TomcatEmbeddedServletContainer : Tomcat started on port(s): 65186 (http)
2015-12-08 14:23:48.101  INFO 5910 --- [    Test worker] s.servlet.SampleServletApplicationTests  : Started SampleServletApplicationTests in 14.292 seconds (JVM running for 15.439)
2015-12-08 14:23:48.381  INFO 5910 --- [    Test worker] ationConfigEmbeddedWebApplicationContext : Closing org.springframework.boot.context.embedded.AnnotationConfigEmbeddedWebApplicationContext@b0ef7c: startup date [Tue Dec 08 14:23:45 PST 2015]; root of context hierarchy
]]></system-out>
  <system-err><![CDATA[]]></system-err>
</testsuite>
