<?xml version="1.0" encoding="UTF-8"?>
<testsuite name="katas.vending.DiamondSpec" tests="1" skipped="0" failures="1" errors="0" timestamp="2015-08-25T22:50:33" hostname="CDSC02NJLNUG3QJ.local" time="0.208">
  <properties/>
  <testcase name="" classname="katas.vending.DiamondSpec" time="0.208">
    <failure message="groovy.lang.MissingPropertyException: No such property: an1 for class: katas.vending.DiamondSpec" type="groovy.lang.MissingPropertyException">groovy.lang.MissingPropertyException: No such property: an1 for class: katas.vending.DiamondSpec
	at katas.vending.DiamondSpec.(VendingMachineSpec.groovy:14)
</failure>
  </testcase>
  <system-out><![CDATA[]]></system-out>
  <system-err><![CDATA[]]></system-err>
</testsuite>
