<?xml version="1.0" encoding="UTF-8"?>
<testsuite name="katas.fizzbuzz.FizzBuzzSpec" tests="1" skipped="0" failures="0" errors="0" timestamp="2015-08-25T22:05:59" hostname="CDSC02NJLNUG3QJ.local" time="0.215">
  <properties/>
  <testcase name="fizzy buzz" classname="katas.fizzbuzz.FizzBuzzSpec" time="0.215"/>
  <system-out><![CDATA[]]></system-out>
  <system-err><![CDATA[]]></system-err>
</testsuite>
